Build started 7/6/2019 10:40:45 PM.
     1>Project "E:\COde\QuanLyThuVien\QuanLyThuVien_DaHinh\QuanLyThuVien_DaHinh.vcxproj" on node 2 (Build target(s)).
     1>ClCompile:
         C:\Program Files (x86)\Microsoft Visual Studio 12.0\VC\bin\CL.exe /c /ZI /nologo /W3 /WX- /sdl /Od /Oy- /D _MBCS /Gm /EHsc /RTC1 /MDd /GS /fp:precise /Zc:wchar_t /Zc:forScope /Fo"Debug\\" /Fd"Debug\vc120.pdb" /Gd /TP /analyze- /errorReport:prompt DocGia.cpp DocGiaNguoiLon.cpp DocGiaTreEm.cpp Main.cpp ThuVien.cpp
         ThuVien.cpp
     1>e:\code\quanlythuvien\quanlythuvien_dahinh\thuvien.cpp(7): warning C4018: '<' : signed/unsigned mismatch
     1>e:\code\quanlythuvien\quanlythuvien_dahinh\thuvien.cpp(64): warning C4018: '<' : signed/unsigned mismatch
         Generating Code...
         Compiling...
         Main.cpp
         DocGiaTreEm.cpp
         DocGiaNguoiLon.cpp
         Generating Code...
         Skipping... (no relevant changes detected)
         DocGia.cpp
       Link:
         C:\Program Files (x86)\Microsoft Visual Studio 12.0\VC\bin\link.exe /ERRORREPORT:PROMPT /OUT:"E:\COde\QuanLyThuVien\Debug\QuanLyThuVien_DaHinh.exe" /INCREMENTAL /NOLOGO kernel32.lib user32.lib gdi32.lib winspool.lib comdlg32.lib advapi32.lib shell32.lib ole32.lib oleaut32.lib uuid.lib odbc32.lib odbccp32.lib /MANIFEST /MANIFESTUAC:"level='asInvoker' uiAccess='false'" /manifest:embed /DEBUG /PDB:"E:\COde\QuanLyThuVien\Debug\QuanLyThuVien_DaHinh.pdb" /TLBID:1 /DYNAMICBASE /NXCOMPAT /IMPLIB:"E:\COde\QuanLyThuVien\Debug\QuanLyThuVien_DaHinh.lib" /MACHINE:X86 Debug\DocGia.obj
         Debug\DocGiaNguoiLon.obj
         Debug\DocGiaTreEm.obj
         Debug\Main.obj
         Debug\ThuVien.obj
         QuanLyThuVien_DaHinh.vcxproj -> E:\COde\QuanLyThuVien\Debug\QuanLyThuVien_DaHinh.exe
     1>Done Building Project "E:\COde\QuanLyThuVien\QuanLyThuVien_DaHinh\QuanLyThuVien_DaHinh.vcxproj" (Build target(s)).

Build succeeded.

Time Elapsed 00:00:02.60
